<?xml version="1.0" encoding="UTF-8"?>
<testng-results skipped="0" failed="2" ignored="0" total="5" passed="3">
  <reporter-output>
  </reporter-output>
  <suite name="Web Suite" duration-ms="142942" started-at="2020-09-19T09:52:37Z" finished-at="2020-09-19T09:55:00Z">
    <groups>
      <group name="SanityTest">
        <method signature="AppTest.verifyTitle()[pri:0, instance:com.fullstack.batch3.AppTest@174d20a]" name="verifyTitle" class="com.fullstack.batch3.AppTest"/>
      </group> <!-- SanityTest -->
      <group name="RegressionTest">
        <method signature="AppTest.loginWithCorrectCredentials()[pri:1, instance:com.fullstack.batch3.AppTest@174d20a]" name="loginWithCorrectCredentials" class="com.fullstack.batch3.AppTest"/>
      </group> <!-- RegressionTest -->
    </groups>
    <test name="Web Tests" duration-ms="142942" started-at="2020-09-19T09:52:37Z" finished-at="2020-09-19T09:55:00Z">
      <class name="com.fullstack.batch3.AppTest">
        <test-method status="PASS" signature="setUpAndInitialize()[pri:0, instance:com.fullstack.batch3.AppTest@174d20a]" name="setUpAndInitialize" is-config="true" duration-ms="21559" started-at="2020-09-19T09:52:37Z" finished-at="2020-09-19T09:52:59Z">
          <reporter-output>
          </reporter-output>
        </test-method> <!-- setUpAndInitialize -->
        <test-method status="PASS" signature="setUpAndInitialize()[pri:0, instance:com.fullstack.batch3.AppTest@174d20a]" name="setUpAndInitialize" is-config="true" duration-ms="21559" started-at="2020-09-19T09:52:37Z" finished-at="2020-09-19T09:52:59Z">
          <reporter-output>
          </reporter-output>
        </test-method> <!-- setUpAndInitialize -->
        <test-method status="PASS" signature="setUpAndInitialize()[pri:0, instance:com.fullstack.batch3.AppTest@174d20a]" name="setUpAndInitialize" is-config="true" duration-ms="21559" started-at="2020-09-19T09:52:37Z" finished-at="2020-09-19T09:52:59Z">
          <reporter-output>
          </reporter-output>
        </test-method> <!-- setUpAndInitialize -->
        <test-method status="PASS" signature="setUpAndInitialize()[pri:0, instance:com.fullstack.batch3.AppTest@174d20a]" name="setUpAndInitialize" is-config="true" duration-ms="21559" started-at="2020-09-19T09:52:37Z" finished-at="2020-09-19T09:52:59Z">
          <reporter-output>
          </reporter-output>
        </test-method> <!-- setUpAndInitialize -->
        <test-method status="PASS" signature="testSwitches()[pri:0, instance:com.fullstack.batch3.AppTest@174d20a]" name="testSwitches" duration-ms="11444" started-at="2020-09-19T09:52:59Z" finished-at="2020-09-19T09:53:10Z">
          <reporter-output>
          </reporter-output>
        </test-method> <!-- testSwitches -->
        <test-method status="PASS" signature="testJSScript()[pri:0, instance:com.fullstack.batch3.AppTest@174d20a]" name="testJSScript" duration-ms="5570" started-at="2020-09-19T09:52:59Z" finished-at="2020-09-19T09:53:04Z">
          <reporter-output>
          </reporter-output>
        </test-method> <!-- testJSScript -->
        <test-method status="FAIL" signature="verifyTitle()[pri:0, instance:com.fullstack.batch3.AppTest@174d20a]" name="verifyTitle" duration-ms="11248" started-at="2020-09-19T09:52:59Z" description="Verify that the title of website is correct" finished-at="2020-09-19T09:53:10Z">
          <exception class="java.lang.AssertionError">
            <message>
              <![CDATA[expected [Home] but found [Log In ‹ — WordPress]]]>
            </message>
            <full-stacktrace>
              <![CDATA[java.lang.AssertionError: expected [Home] but found [Log In ‹ — WordPress]
at org.testng.Assert.fail(Assert.java:96)
at org.testng.Assert.failNotEquals(Assert.java:776)
at org.testng.Assert.assertEqualsImpl(Assert.java:137)
at org.testng.Assert.assertEquals(Assert.java:118)
at org.testng.Assert.assertEquals(Assert.java:453)
at org.testng.Assert.assertEquals(Assert.java:463)
at com.fullstack.batch3.AppTest.verifyTitle(AppTest.java:35)
at sun.reflect.NativeMethodAccessorImpl.invoke0(Native Method)
at sun.reflect.NativeMethodAccessorImpl.invoke(NativeMethodAccessorImpl.java:62)
at sun.reflect.DelegatingMethodAccessorImpl.invoke(DelegatingMethodAccessorImpl.java:43)
at java.lang.reflect.Method.invoke(Method.java:498)
at org.testng.internal.MethodInvocationHelper.invokeMethod(MethodInvocationHelper.java:124)
at org.testng.internal.Invoker.invokeMethod(Invoker.java:583)
at org.testng.internal.Invoker.invokeTestMethod(Invoker.java:719)
at org.testng.internal.Invoker.invokeTestMethods(Invoker.java:989)
at org.testng.internal.TestMethodWorker.invokeTestMethods(TestMethodWorker.java:125)
at org.testng.internal.TestMethodWorker.run(TestMethodWorker.java:109)
at java.util.concurrent.ThreadPoolExecutor.runWorker(ThreadPoolExecutor.java:1149)
at java.util.concurrent.ThreadPoolExecutor$Worker.run(ThreadPoolExecutor.java:624)
at java.lang.Thread.run(Thread.java:748)
]]>
            </full-stacktrace>
          </exception> <!-- java.lang.AssertionError -->
          <reporter-output>
          </reporter-output>
        </test-method> <!-- verifyTitle -->
        <test-method status="PASS" signature="testNavigation()[pri:0, instance:com.fullstack.batch3.AppTest@174d20a]" name="testNavigation" duration-ms="42966" started-at="2020-09-19T09:52:59Z" finished-at="2020-09-19T09:53:42Z">
          <reporter-output>
          </reporter-output>
        </test-method> <!-- testNavigation -->
        <test-method status="PASS" signature="cleanUpActivities(org.testng.ITestResult)[pri:0, instance:com.fullstack.batch3.AppTest@174d20a]" name="cleanUpActivities" is-config="true" duration-ms="4117" started-at="2020-09-19T09:53:04Z" finished-at="2020-09-19T09:53:08Z">
          <params>
            <param index="0">
              <value>
                <![CDATA[[TestResult name=testJSScript status=SUCCESS method=AppTest.testJSScript()[pri:0, instance:com.fullstack.batch3.AppTest@174d20a] output={null}]]]>
              </value>
            </param>
          </params>
          <reporter-output>
          </reporter-output>
        </test-method> <!-- cleanUpActivities -->
        <test-method status="PASS" signature="cleanUpActivities(org.testng.ITestResult)[pri:0, instance:com.fullstack.batch3.AppTest@174d20a]" name="cleanUpActivities" is-config="true" duration-ms="6882" started-at="2020-09-19T09:53:10Z" finished-at="2020-09-19T09:53:17Z">
          <params>
            <param index="0">
              <value>
                <![CDATA[[TestResult name=verifyTitle status=FAILURE method=AppTest.verifyTitle()[pri:0, instance:com.fullstack.batch3.AppTest@174d20a] output={null}]]]>
              </value>
            </param>
          </params>
          <reporter-output>
          </reporter-output>
        </test-method> <!-- cleanUpActivities -->
        <test-method status="PASS" signature="cleanUpActivities(org.testng.ITestResult)[pri:0, instance:com.fullstack.batch3.AppTest@174d20a]" name="cleanUpActivities" is-config="true" duration-ms="6533" started-at="2020-09-19T09:53:10Z" finished-at="2020-09-19T09:53:17Z">
          <params>
            <param index="0">
              <value>
                <![CDATA[[TestResult name=testSwitches status=SUCCESS method=AppTest.testSwitches()[pri:0, instance:com.fullstack.batch3.AppTest@174d20a] output={null}]]]>
              </value>
            </param>
          </params>
          <reporter-output>
          </reporter-output>
        </test-method> <!-- cleanUpActivities -->
        <test-method status="PASS" signature="cleanUpActivities(org.testng.ITestResult)[pri:0, instance:com.fullstack.batch3.AppTest@174d20a]" name="cleanUpActivities" is-config="true" duration-ms="2387" started-at="2020-09-19T09:53:42Z" finished-at="2020-09-19T09:53:44Z">
          <params>
            <param index="0">
              <value>
                <![CDATA[[TestResult name=testNavigation status=SUCCESS method=AppTest.testNavigation()[pri:0, instance:com.fullstack.batch3.AppTest@174d20a] output={null}]]]>
              </value>
            </param>
          </params>
          <reporter-output>
          </reporter-output>
        </test-method> <!-- cleanUpActivities -->
        <test-method status="PASS" signature="setUpAndInitialize()[pri:0, instance:com.fullstack.batch3.AppTest@174d20a]" name="setUpAndInitialize" is-config="true" duration-ms="7179" started-at="2020-09-19T09:53:44Z" finished-at="2020-09-19T09:53:51Z">
          <reporter-output>
          </reporter-output>
        </test-method> <!-- setUpAndInitialize -->
        <test-method status="FAIL" signature="loginWithCorrectCredentials()[pri:1, instance:com.fullstack.batch3.AppTest@174d20a]" name="loginWithCorrectCredentials" duration-ms="65976" started-at="2020-09-19T09:53:51Z" description="Verify that login is working correctly with correct username and password" finished-at="2020-09-19T09:54:57Z">
          <exception class="org.openqa.selenium.TimeoutException">
            <message>
              <![CDATA[Expected condition failed: waiting for element to be clickable: By.xpath: //a[contains(text(),'Log In')] (tried for 60 second(s) with 500 milliseconds interval)]]>
            </message>
            <full-stacktrace>
              <![CDATA[org.openqa.selenium.TimeoutException: Expected condition failed: waiting for element to be clickable: By.xpath: //a[contains(text(),'Log In')] (tried for 60 second(s) with 500 milliseconds interval)
at org.openqa.selenium.support.ui.WebDriverWait.timeoutException(WebDriverWait.java:138)
at org.openqa.selenium.support.ui.FluentWait.lambda$checkConditionInLoop$2(FluentWait.java:255)
at java.util.concurrent.CompletableFuture$AsyncSupply.run(CompletableFuture.java:1590)
at java.util.concurrent.CompletableFuture$AsyncSupply.exec(CompletableFuture.java:1582)
at java.util.concurrent.ForkJoinTask.doExec(ForkJoinTask.java:289)
at java.util.concurrent.ForkJoinPool$WorkQueue.runTask(ForkJoinPool.java:1056)
at java.util.concurrent.ForkJoinPool.runWorker(ForkJoinPool.java:1692)
at java.util.concurrent.ForkJoinWorkerThread.run(ForkJoinWorkerThread.java:157)
Caused by: org.openqa.selenium.NoSuchElementException: no such element: Unable to locate element: {"method":"xpath","selector":"//a[contains(text(),'Log In')]"}
  (Session info: chrome=85.0.4183.102)
For documentation on this error, please visit: https://selenium.dev/exceptions/#no_such_element
Build info: version: '4.0.0-alpha-6', revision: '5f43a29cfc'
System info: host: 'PAVILIONG4', ip: '192.168.0.5', os.name: 'Windows 10', os.arch: 'amd64', os.version: '10.0', java.version: '1.8.0_191'
Driver info: org.openqa.selenium.chrome.ChromeDriver
Capabilities {acceptInsecureCerts: false, browserName: chrome, browserVersion: 85.0.4183.102, chrome: {chromedriverVersion: 85.0.4183.87 (cd6713ebf92fa..., userDataDir: C:\Users\user\AppData\Local...}, goog:chromeOptions: {debuggerAddress: localhost:53032}, javascriptEnabled: true, networkConnectionEnabled: false, pageLoadStrategy: normal, platform: WINDOWS, platformName: WINDOWS, proxy: Proxy(), setWindowRect: true, strictFileInteractability: false, timeouts: {implicit: 0, pageLoad: 300000, script: 30000}, unhandledPromptBehavior: dismiss and notify, webauthn:virtualAuthenticators: true}
Session ID: bb8f24bfde9d9626f9ef65ed0b67f3c7
*** Element info: {Using=xpath, value=//a[contains(text(),'Log In')]}
at sun.reflect.GeneratedConstructorAccessor51.newInstance(Unknown Source)
at sun.reflect.DelegatingConstructorAccessorImpl.newInstance(DelegatingConstructorAccessorImpl.java:45)
at java.lang.reflect.Constructor.newInstance(Constructor.java:423)
at org.openqa.selenium.remote.codec.w3c.W3CHttpResponseCodec.createException(W3CHttpResponseCodec.java:196)
at org.openqa.selenium.remote.codec.w3c.W3CHttpResponseCodec.decode(W3CHttpResponseCodec.java:129)
at org.openqa.selenium.remote.codec.w3c.W3CHttpResponseCodec.decode(W3CHttpResponseCodec.java:53)
at org.openqa.selenium.remote.HttpCommandExecutor.execute(HttpCommandExecutor.java:160)
at org.openqa.selenium.remote.service.DriverCommandExecutor.execute(DriverCommandExecutor.java:83)
at org.openqa.selenium.remote.RemoteWebDriver.execute(RemoteWebDriver.java:582)
at org.openqa.selenium.remote.RemoteWebDriver.findElement(RemoteWebDriver.java:333)
at org.openqa.selenium.remote.RemoteWebDriver.findElementByXPath(RemoteWebDriver.java:451)
at org.openqa.selenium.By$ByXPath.findElement(By.java:394)
at org.openqa.selenium.remote.RemoteWebDriver.findElement(RemoteWebDriver.java:325)
at org.openqa.selenium.support.ui.ExpectedConditions$7.apply(ExpectedConditions.java:205)
at org.openqa.selenium.support.ui.ExpectedConditions$7.apply(ExpectedConditions.java:201)
at org.openqa.selenium.support.ui.ExpectedConditions$22.apply(ExpectedConditions.java:641)
at org.openqa.selenium.support.ui.ExpectedConditions$22.apply(ExpectedConditions.java:638)
at org.openqa.selenium.support.ui.FluentWait.lambda$checkConditionInLoop$2(FluentWait.java:233)
... 6 more
]]>
            </full-stacktrace>
          </exception> <!-- org.openqa.selenium.TimeoutException -->
          <reporter-output>
          </reporter-output>
        </test-method> <!-- loginWithCorrectCredentials -->
        <test-method status="PASS" signature="cleanUpActivities(org.testng.ITestResult)[pri:0, instance:com.fullstack.batch3.AppTest@174d20a]" name="cleanUpActivities" is-config="true" duration-ms="2807" started-at="2020-09-19T09:54:57Z" finished-at="2020-09-19T09:55:00Z">
          <params>
            <param index="0">
              <value>
                <![CDATA[[TestResult name=loginWithCorrectCredentials status=FAILURE method=AppTest.loginWithCorrectCredentials()[pri:1, instance:com.fullstack.batch3.AppTest@174d20a] output={null}]]]>
              </value>
            </param>
          </params>
          <reporter-output>
          </reporter-output>
        </test-method> <!-- cleanUpActivities -->
      </class> <!-- com.fullstack.batch3.AppTest -->
    </test> <!-- Web Tests -->
  </suite> <!-- Web Suite -->
</testng-results>
