<?xml version="1.0" encoding="UTF-8"?>
<!-- Generated by org.testng.reporters.JUnitXMLReporter -->
<testsuite hostname="PavilionG4" ignored="0" name="Web Tests" tests="5" failures="1" timestamp="19 Sep 2020 07:21:56 GMT" time="112.127" errors="0">
  <testcase name="testJSScript" time="5.654" classname="com.fullstack.batch3.AppTest"/>
  <testcase name="verifyTitle" time="22.119" classname="com.fullstack.batch3.AppTest">
    <failure type="java.lang.AssertionError" message="expected [Home] but found [Home -]">
      <![CDATA[java.lang.AssertionError: expected [Home] but found [Home -]
at com.fullstack.batch3.AppTest.verifyTitle(AppTest.java:35)
at java.util.concurrent.ThreadPoolExecutor.runWorker(Unknown Source)
at java.util.concurrent.ThreadPoolExecutor$Worker.run(Unknown Source)
at java.lang.Thread.run(Unknown Source)
... Removed 16 stack frames]]>
    </failure>
  </testcase> <!-- verifyTitle -->
  <testcase name="testSwitches" time="25.055" classname="com.fullstack.batch3.AppTest"/>
  <testcase name="testNavigation" time="58.227" classname="com.fullstack.batch3.AppTest"/>
  <testcase name="loginWithCorrectCredentials" time="22.56" classname="com.fullstack.batch3.AppTest"/>
</testsuite> <!-- Web Tests -->
